<?xml version="1.0" encoding="UTF-8"?>
<testng-results skipped="0" failed="0" total="3" passed="3">
  <reporter-output>
  </reporter-output>
  <suite name="Default suite" duration-ms="6880" started-at="2018-08-13T19:42:44Z" finished-at="2018-08-13T19:42:51Z">
    <groups>
    </groups>
    <test name="Default test" duration-ms="6880" started-at="2018-08-13T19:42:44Z" finished-at="2018-08-13T19:42:51Z">
      <class name="com.lindacare.automation.TestCase1">
        <test-method status="PASS" signature="beforeClass()[pri:0, instance:com.lindacare.automation.TestCase1@7823a2f9]" name="beforeClass" is-config="true" duration-ms="5134" started-at="2018-08-13T21:42:44Z" finished-at="2018-08-13T21:42:49Z">
          <reporter-output>
          </reporter-output>
        </test-method> <!-- beforeClass -->
        <test-method status="PASS" signature="sampleTest1()[pri:0, instance:com.lindacare.automation.TestCase1@7823a2f9]" name="sampleTest1" duration-ms="478" started-at="2018-08-13T21:42:49Z" finished-at="2018-08-13T21:42:50Z">
          <reporter-output>
          </reporter-output>
        </test-method> <!-- sampleTest1 -->
        <test-method status="PASS" signature="sampleTest2()[pri:0, instance:com.lindacare.automation.TestCase1@7823a2f9]" name="sampleTest2" duration-ms="591" started-at="2018-08-13T21:42:50Z" finished-at="2018-08-13T21:42:50Z">
          <reporter-output>
          </reporter-output>
        </test-method> <!-- sampleTest2 -->
        <test-method status="PASS" signature="sampleTest3()[pri:0, instance:com.lindacare.automation.TestCase1@7823a2f9]" name="sampleTest3" duration-ms="572" started-at="2018-08-13T21:42:50Z" finished-at="2018-08-13T21:42:51Z">
          <reporter-output>
          </reporter-output>
        </test-method> <!-- sampleTest3 -->
        <test-method status="PASS" signature="afterClass()[pri:0, instance:com.lindacare.automation.TestCase1@7823a2f9]" name="afterClass" is-config="true" duration-ms="82" started-at="2018-08-13T21:42:51Z" finished-at="2018-08-13T21:42:51Z">
          <reporter-output>
          </reporter-output>
        </test-method> <!-- afterClass -->
      </class> <!-- com.lindacare.automation.TestCase1 -->
    </test> <!-- Default test -->
  </suite> <!-- Default suite -->
</testng-results>
