<?xml version="1.0" encoding="UTF-8"?>
<!-- Generated by org.testng.reporters.JUnitXMLReporter -->
<testsuite hostname="LIN51004947" name="Default test" tests="3" failures="0" timestamp="13 Aug 2018 19:42:51 GMT" time="6.88" errors="0">
  <testcase name="sampleTest1" time="0.478" classname="com.lindacare.automation.TestCase1"/>
  <testcase name="sampleTest2" time="0.591" classname="com.lindacare.automation.TestCase1"/>
  <testcase name="sampleTest3" time="0.572" classname="com.lindacare.automation.TestCase1"/>
</testsuite> <!-- Default test -->
